0    INFO  (main) [   ] o.e.j.u.log Logging initialized @1211ms
314  INFO  (main) [   ] o.e.j.s.Server jetty-9.2.11.v20150529
346  WARN  (main) [   ] o.e.j.s.h.RequestLogHandler !RequestLog
348  INFO  (main) [   ] o.e.j.d.p.ScanningAppProvider Deployment monitor [file:/D:/Work/jate_github/jate/solr-5.3.0/server/contexts/] at interval 0
1143 INFO  (main) [   ] o.e.j.w.StandardDescriptorProcessor NO JSP Support for /solr, did not find org.apache.jasper.servlet.JspServlet
1176 WARN  (main) [   ] o.e.j.s.SecurityHandler ServletContext@o.e.j.w.WebAppContext@e25b2fe{/solr,file:/D:/Work/jate_github/jate/solr-5.3.0/server/solr-webapp/webapp/,STARTING}{D:\Work\jate_github\jate\solr-5.3.0\server/solr-webapp/webapp} has uncovered http methods for path: /
1190 INFO  (main) [   ] o.a.s.s.SolrDispatchFilter SolrDispatchFilter.init(): WebAppClassLoader=117244645@6fd02e5
1283 INFO  (main) [   ] o.a.s.c.SolrResourceLoader JNDI not configured for solr (NoInitialContextEx)
1284 INFO  (main) [   ] o.a.s.c.SolrResourceLoader using system property solr.solr.home: D:\Work\jate_github\jate\solr-5.3.0\server\solr
1300 INFO  (main) [   ] o.a.s.c.SolrResourceLoader new SolrResourceLoader for directory: 'D:\Work\jate_github\jate\solr-5.3.0\server\solr\'
1595 INFO  (main) [   ] o.a.s.c.SolrXmlConfig Loading container configuration from D:\Work\jate_github\jate\solr-5.3.0\server\solr\solr.xml
1765 INFO  (main) [   ] o.a.s.c.CoresLocator Config-defined core root directory: D:\Work\jate_github\jate\solr-5.3.0\server\solr
1866 INFO  (main) [   ] o.a.s.c.CoreContainer New CoreContainer 543846639
1866 INFO  (main) [   ] o.a.s.c.CoreContainer Loading cores into CoreContainer [instanceDir=D:\Work\jate_github\jate\solr-5.3.0\server\solr\]
1867 INFO  (main) [   ] o.a.s.c.CoreContainer loading shared library: D:\Work\jate_github\jate\solr-5.3.0\server\solr\lib
1867 WARN  (main) [   ] o.a.s.c.SolrResourceLoader Can't find (or read) directory to add to classloader: lib (resolved as: D:\Work\jate_github\jate\solr-5.3.0\server\solr\lib).
1936 INFO  (main) [   ] o.a.s.h.c.HttpShardHandlerFactory created with socketTimeout : 600000,connTimeout : 60000,maxConnectionsPerHost : 20,maxConnections : 10000,corePoolSize : 0,maximumPoolSize : 2147483647,maxThreadIdleTime : 5,sizeOfQueue : -1,fairnessPolicy : false,useRetries : false,
2078 INFO  (main) [   ] o.a.s.u.UpdateShardHandler Creating UpdateShardHandler HTTP client with params: socketTimeout=600000&connTimeout=60000&retry=true
2081 INFO  (main) [   ] o.a.s.l.LogWatcher SLF4J impl is org.slf4j.impl.Log4jLoggerFactory
2081 INFO  (main) [   ] o.a.s.l.LogWatcher Registering Log Listener [Log4j (org.slf4j.impl.Log4jLoggerFactory)]
2083 INFO  (main) [   ] o.a.s.c.CoreContainer Security conf doesn't exist. Skipping setup for authorization module.
2083 INFO  (main) [   ] o.a.s.c.CoreContainer No authentication plugin used.
3267 INFO  (main) [   ] o.a.s.c.CoresLocator Looking for core definitions underneath D:\Work\jate_github\jate\solr-5.3.0\server\solr
3341 INFO  (main) [   ] o.a.s.c.SolrCore Created CoreDescriptor: {name=jate, config=solrconfig.xml, transient=false, schema=schema.xml, loadOnStartup=true, configSetProperties=configsetprops.json, instanceDir=D:\Work\jate_github\jate\solr-5.3.0\server\solr\jate, absoluteInstDir=D:\Work\jate_github\jate\solr-5.3.0\server\solr\jate\, dataDir=data\}
3342 INFO  (main) [   ] o.a.s.c.CoresLocator Found core jate in D:\Work\jate_github\jate\solr-5.3.0\server\solr\jate\
3343 INFO  (main) [   ] o.a.s.c.CoresLocator Found 1 core definitions
3351 INFO  (coreLoadExecutor-6-thread-1) [   ] o.a.s.c.SolrResourceLoader new SolrResourceLoader for directory: 'D:\Work\jate_github\jate\solr-5.3.0\server\solr\jate\'
3351 INFO  (main) [   ] o.a.s.s.SolrDispatchFilter user.dir=D:\Work\jate_github\jate\solr-5.3.0\server
3352 INFO  (main) [   ] o.a.s.s.SolrDispatchFilter SolrDispatchFilter.init() done
3394 INFO  (main) [   ] o.e.j.s.h.ContextHandler Started o.e.j.w.WebAppContext@e25b2fe{/solr,file:/D:/Work/jate_github/jate/solr-5.3.0/server/solr-webapp/webapp/,AVAILABLE}{D:\Work\jate_github\jate\solr-5.3.0\server/solr-webapp/webapp}
3480 INFO  (coreLoadExecutor-6-thread-1) [   ] o.a.s.c.SolrConfig current version of requestparams : 0
3493 INFO  (coreLoadExecutor-6-thread-1) [   ] o.a.s.c.SolrConfig Adding specified lib dirs to ClassLoader
3495 INFO  (coreLoadExecutor-6-thread-1) [   ] o.a.s.c.SolrResourceLoader Adding 'file:/D:/Work/jate_github/jate/solr-5.3.0/contrib/extraction/lib/apache-mime4j-core-0.7.2.jar' to classloader
3498 INFO  (coreLoadExecutor-6-thread-1) [   ] o.a.s.c.SolrResourceLoader Adding 'file:/D:/Work/jate_github/jate/solr-5.3.0/contrib/extraction/lib/apache-mime4j-dom-0.7.2.jar' to classloader
3498 INFO  (coreLoadExecutor-6-thread-1) [   ] o.a.s.c.SolrResourceLoader Adding 'file:/D:/Work/jate_github/jate/solr-5.3.0/contrib/extraction/lib/aspectjrt-1.8.0.jar' to classloader
3498 INFO  (coreLoadExecutor-6-thread-1) [   ] o.a.s.c.SolrResourceLoader Adding 'file:/D:/Work/jate_github/jate/solr-5.3.0/contrib/extraction/lib/bcmail-jdk15-1.45.jar' to classloader
3498 INFO  (coreLoadExecutor-6-thread-1) [   ] o.a.s.c.SolrResourceLoader Adding 'file:/D:/Work/jate_github/jate/solr-5.3.0/contrib/extraction/lib/bcprov-jdk15-1.45.jar' to classloader
3499 INFO  (coreLoadExecutor-6-thread-1) [   ] o.a.s.c.SolrResourceLoader Adding 'file:/D:/Work/jate_github/jate/solr-5.3.0/contrib/extraction/lib/boilerpipe-1.1.0.jar' to classloader
3499 INFO  (coreLoadExecutor-6-thread-1) [   ] o.a.s.c.SolrResourceLoader Adding 'file:/D:/Work/jate_github/jate/solr-5.3.0/contrib/extraction/lib/commons-compress-1.8.1.jar' to classloader
3499 INFO  (coreLoadExecutor-6-thread-1) [   ] o.a.s.c.SolrResourceLoader Adding 'file:/D:/Work/jate_github/jate/solr-5.3.0/contrib/extraction/lib/fontbox-1.8.8.jar' to classloader
3499 INFO  (coreLoadExecutor-6-thread-1) [   ] o.a.s.c.SolrResourceLoader Adding 'file:/D:/Work/jate_github/jate/solr-5.3.0/contrib/extraction/lib/icu4j-54.1.jar' to classloader
3499 INFO  (coreLoadExecutor-6-thread-1) [   ] o.a.s.c.SolrResourceLoader Adding 'file:/D:/Work/jate_github/jate/solr-5.3.0/contrib/extraction/lib/isoparser-1.0.2.jar' to classloader
3499 INFO  (coreLoadExecutor-6-thread-1) [   ] o.a.s.c.SolrResourceLoader Adding 'file:/D:/Work/jate_github/jate/solr-5.3.0/contrib/extraction/lib/java-libpst-0.8.1.jar' to classloader
3500 INFO  (coreLoadExecutor-6-thread-1) [   ] o.a.s.c.SolrResourceLoader Adding 'file:/D:/Work/jate_github/jate/solr-5.3.0/contrib/extraction/lib/jdom-1.0.jar' to classloader
3500 INFO  (coreLoadExecutor-6-thread-1) [   ] o.a.s.c.SolrResourceLoader Adding 'file:/D:/Work/jate_github/jate/solr-5.3.0/contrib/extraction/lib/jempbox-1.8.8.jar' to classloader
3500 INFO  (coreLoadExecutor-6-thread-1) [   ] o.a.s.c.SolrResourceLoader Adding 'file:/D:/Work/jate_github/jate/solr-5.3.0/contrib/extraction/lib/jmatio-1.0.jar' to classloader
3500 INFO  (coreLoadExecutor-6-thread-1) [   ] o.a.s.c.SolrResourceLoader Adding 'file:/D:/Work/jate_github/jate/solr-5.3.0/contrib/extraction/lib/juniversalchardet-1.0.3.jar' to classloader
3500 INFO  (coreLoadExecutor-6-thread-1) [   ] o.a.s.c.SolrResourceLoader Adding 'file:/D:/Work/jate_github/jate/solr-5.3.0/contrib/extraction/lib/metadata-extractor-2.6.2.jar' to classloader
3500 INFO  (coreLoadExecutor-6-thread-1) [   ] o.a.s.c.SolrResourceLoader Adding 'file:/D:/Work/jate_github/jate/solr-5.3.0/contrib/extraction/lib/pdfbox-1.8.8.jar' to classloader
3500 INFO  (coreLoadExecutor-6-thread-1) [   ] o.a.s.c.SolrResourceLoader Adding 'file:/D:/Work/jate_github/jate/solr-5.3.0/contrib/extraction/lib/poi-3.11.jar' to classloader
3500 INFO  (coreLoadExecutor-6-thread-1) [   ] o.a.s.c.SolrResourceLoader Adding 'file:/D:/Work/jate_github/jate/solr-5.3.0/contrib/extraction/lib/poi-ooxml-3.11.jar' to classloader
3501 INFO  (coreLoadExecutor-6-thread-1) [   ] o.a.s.c.SolrResourceLoader Adding 'file:/D:/Work/jate_github/jate/solr-5.3.0/contrib/extraction/lib/poi-ooxml-schemas-3.11.jar' to classloader
3501 INFO  (coreLoadExecutor-6-thread-1) [   ] o.a.s.c.SolrResourceLoader Adding 'file:/D:/Work/jate_github/jate/solr-5.3.0/contrib/extraction/lib/poi-scratchpad-3.11.jar' to classloader
3501 INFO  (coreLoadExecutor-6-thread-1) [   ] o.a.s.c.SolrResourceLoader Adding 'file:/D:/Work/jate_github/jate/solr-5.3.0/contrib/extraction/lib/rome-1.0.jar' to classloader
3501 INFO  (coreLoadExecutor-6-thread-1) [   ] o.a.s.c.SolrResourceLoader Adding 'file:/D:/Work/jate_github/jate/solr-5.3.0/contrib/extraction/lib/tagsoup-1.2.1.jar' to classloader
3501 INFO  (coreLoadExecutor-6-thread-1) [   ] o.a.s.c.SolrResourceLoader Adding 'file:/D:/Work/jate_github/jate/solr-5.3.0/contrib/extraction/lib/tika-core-1.7.jar' to classloader
3501 INFO  (coreLoadExecutor-6-thread-1) [   ] o.a.s.c.SolrResourceLoader Adding 'file:/D:/Work/jate_github/jate/solr-5.3.0/contrib/extraction/lib/tika-java7-1.7.jar' to classloader
3501 INFO  (coreLoadExecutor-6-thread-1) [   ] o.a.s.c.SolrResourceLoader Adding 'file:/D:/Work/jate_github/jate/solr-5.3.0/contrib/extraction/lib/tika-parsers-1.7.jar' to classloader
3501 INFO  (coreLoadExecutor-6-thread-1) [   ] o.a.s.c.SolrResourceLoader Adding 'file:/D:/Work/jate_github/jate/solr-5.3.0/contrib/extraction/lib/tika-xmp-1.7.jar' to classloader
3502 INFO  (coreLoadExecutor-6-thread-1) [   ] o.a.s.c.SolrResourceLoader Adding 'file:/D:/Work/jate_github/jate/solr-5.3.0/contrib/extraction/lib/vorbis-java-core-0.6.jar' to classloader
3502 INFO  (coreLoadExecutor-6-thread-1) [   ] o.a.s.c.SolrResourceLoader Adding 'file:/D:/Work/jate_github/jate/solr-5.3.0/contrib/extraction/lib/vorbis-java-tika-0.6.jar' to classloader
3502 INFO  (coreLoadExecutor-6-thread-1) [   ] o.a.s.c.SolrResourceLoader Adding 'file:/D:/Work/jate_github/jate/solr-5.3.0/contrib/extraction/lib/xercesImpl-2.9.1.jar' to classloader
3502 INFO  (coreLoadExecutor-6-thread-1) [   ] o.a.s.c.SolrResourceLoader Adding 'file:/D:/Work/jate_github/jate/solr-5.3.0/contrib/extraction/lib/xmlbeans-2.6.0.jar' to classloader
3502 INFO  (coreLoadExecutor-6-thread-1) [   ] o.a.s.c.SolrResourceLoader Adding 'file:/D:/Work/jate_github/jate/solr-5.3.0/contrib/extraction/lib/xmpcore-5.1.2.jar' to classloader
3502 INFO  (coreLoadExecutor-6-thread-1) [   ] o.a.s.c.SolrResourceLoader Adding 'file:/D:/Work/jate_github/jate/solr-5.3.0/contrib/extraction/lib/xz-1.5.jar' to classloader
3504 INFO  (coreLoadExecutor-6-thread-1) [   ] o.a.s.c.SolrResourceLoader Adding 'file:/D:/Work/jate_github/jate/solr-5.3.0/dist/solr-cell-5.3.0.jar' to classloader
3505 INFO  (coreLoadExecutor-6-thread-1) [   ] o.a.s.c.SolrResourceLoader Adding 'file:/D:/Work/jate_github/jate/solr-5.3.0/contrib/clustering/lib/attributes-binder-1.2.1.jar' to classloader
3505 INFO  (coreLoadExecutor-6-thread-1) [   ] o.a.s.c.SolrResourceLoader Adding 'file:/D:/Work/jate_github/jate/solr-5.3.0/contrib/clustering/lib/carrot2-mini-3.9.0.jar' to classloader
3505 INFO  (coreLoadExecutor-6-thread-1) [   ] o.a.s.c.SolrResourceLoader Adding 'file:/D:/Work/jate_github/jate/solr-5.3.0/contrib/clustering/lib/hppc-0.5.2.jar' to classloader
3505 INFO  (coreLoadExecutor-6-thread-1) [   ] o.a.s.c.SolrResourceLoader Adding 'file:/D:/Work/jate_github/jate/solr-5.3.0/contrib/clustering/lib/jackson-core-asl-1.9.13.jar' to classloader
3505 INFO  (coreLoadExecutor-6-thread-1) [   ] o.a.s.c.SolrResourceLoader Adding 'file:/D:/Work/jate_github/jate/solr-5.3.0/contrib/clustering/lib/jackson-mapper-asl-1.9.13.jar' to classloader
3505 INFO  (coreLoadExecutor-6-thread-1) [   ] o.a.s.c.SolrResourceLoader Adding 'file:/D:/Work/jate_github/jate/solr-5.3.0/contrib/clustering/lib/mahout-collections-1.0.jar' to classloader
3506 INFO  (coreLoadExecutor-6-thread-1) [   ] o.a.s.c.SolrResourceLoader Adding 'file:/D:/Work/jate_github/jate/solr-5.3.0/contrib/clustering/lib/mahout-math-0.6.jar' to classloader
3506 INFO  (coreLoadExecutor-6-thread-1) [   ] o.a.s.c.SolrResourceLoader Adding 'file:/D:/Work/jate_github/jate/solr-5.3.0/contrib/clustering/lib/simple-xml-2.7.jar' to classloader
3507 INFO  (coreLoadExecutor-6-thread-1) [   ] o.a.s.c.SolrResourceLoader Adding 'file:/D:/Work/jate_github/jate/solr-5.3.0/dist/solr-clustering-5.3.0.jar' to classloader
3507 INFO  (coreLoadExecutor-6-thread-1) [   ] o.a.s.c.SolrResourceLoader Adding 'file:/D:/Work/jate_github/jate/solr-5.3.0/contrib/langid/lib/jsonic-1.2.7.jar' to classloader
3508 INFO  (coreLoadExecutor-6-thread-1) [   ] o.a.s.c.SolrResourceLoader Adding 'file:/D:/Work/jate_github/jate/solr-5.3.0/contrib/langid/lib/langdetect-1.1-20120112.jar' to classloader
3509 INFO  (coreLoadExecutor-6-thread-1) [   ] o.a.s.c.SolrResourceLoader Adding 'file:/D:/Work/jate_github/jate/solr-5.3.0/dist/solr-langid-5.3.0.jar' to classloader
3509 INFO  (coreLoadExecutor-6-thread-1) [   ] o.a.s.c.SolrResourceLoader Adding 'file:/D:/Work/jate_github/jate/solr-5.3.0/contrib/velocity/lib/commons-beanutils-1.8.3.jar' to classloader
3509 INFO  (coreLoadExecutor-6-thread-1) [   ] o.a.s.c.SolrResourceLoader Adding 'file:/D:/Work/jate_github/jate/solr-5.3.0/contrib/velocity/lib/commons-collections-3.2.1.jar' to classloader
3510 INFO  (coreLoadExecutor-6-thread-1) [   ] o.a.s.c.SolrResourceLoader Adding 'file:/D:/Work/jate_github/jate/solr-5.3.0/contrib/velocity/lib/velocity-1.7.jar' to classloader
3510 INFO  (coreLoadExecutor-6-thread-1) [   ] o.a.s.c.SolrResourceLoader Adding 'file:/D:/Work/jate_github/jate/solr-5.3.0/contrib/velocity/lib/velocity-tools-2.0.jar' to classloader
3511 INFO  (coreLoadExecutor-6-thread-1) [   ] o.a.s.c.SolrResourceLoader Adding 'file:/D:/Work/jate_github/jate/solr-5.3.0/dist/solr-velocity-5.3.0.jar' to classloader
3523 INFO  (main) [   ] o.e.j.s.ServerConnector Started ServerConnector@6892b3b6{HTTP/1.1}{0.0.0.0:8983}
3523 INFO  (main) [   ] o.e.j.s.Server Started @4738ms
3610 INFO  (coreLoadExecutor-6-thread-1) [   ] o.a.s.u.SolrIndexConfig IndexWriter infoStream solr logging is enabled
3615 WARN  (coreLoadExecutor-6-thread-1) [   ] o.a.s.c.Config Begining with Solr 5.0, <checkIntegrityAtMerge> option is no longer supported and should be removed from solrconfig.xml (these integrity checks are now automatic)
3621 INFO  (coreLoadExecutor-6-thread-1) [   ] o.a.s.c.SolrConfig Using Lucene MatchVersion: 4.10.4
3794 INFO  (coreLoadExecutor-6-thread-1) [   ] o.a.s.c.Config Loaded SolrConfig: solrconfig.xml
3807 INFO  (coreLoadExecutor-6-thread-1) [   ] o.a.s.s.IndexSchema Reading Solr Schema from D:\Work\jate_github\jate\solr-5.3.0\server\solr\jate\conf\schema.xml
3835 INFO  (coreLoadExecutor-6-thread-1) [   ] o.a.s.s.IndexSchema [jate] Schema name=jate
3964 INFO  (coreLoadExecutor-6-thread-1) [   ] o.a.s.s.IndexSchema default search field in schema is text
3965 INFO  (coreLoadExecutor-6-thread-1) [   ] o.a.s.s.IndexSchema query parser default operator is OR
3965 INFO  (coreLoadExecutor-6-thread-1) [   ] o.a.s.s.IndexSchema unique key field: id
4070 INFO  (coreLoadExecutor-6-thread-1) [   ] o.a.s.c.ConfigSetProperties Did not find ConfigSet properties, assuming default properties: Can't find resource 'configsetprops.json' in classpath or 'D:\Work\jate_github\jate\solr-5.3.0\server\solr\jate\conf'
4070 INFO  (coreLoadExecutor-6-thread-1) [   ] o.a.s.c.CoreContainer Creating SolrCore 'jate' using configuration from instancedir D:\Work\jate_github\jate\solr-5.3.0\server\solr\jate\
4071 INFO  (coreLoadExecutor-6-thread-1) [   x:jate] o.a.s.c.SolrCore solr.NRTCachingDirectoryFactory
4084 INFO  (coreLoadExecutor-6-thread-1) [   x:jate] o.a.s.c.SolrCore [[jate] ] Opening new SolrCore at [D:\Work\jate_github\jate\solr-5.3.0\server\solr\jate\], dataDir=[null]
4086 INFO  (coreLoadExecutor-6-thread-1) [   x:jate] o.a.s.c.JmxMonitoredMap No JMX servers found, not exposing Solr information with JMX.
4090 INFO  (coreLoadExecutor-6-thread-1) [   x:jate] o.a.s.c.SolrCore [[jate] ] Added SolrEventListener for newSearcher: [org.apache.solr.core.QuerySenderListener{queries=[]}]
4090 INFO  (coreLoadExecutor-6-thread-1) [   x:jate] o.a.s.c.SolrCore [[jate] ] Added SolrEventListener for firstSearcher: [org.apache.solr.core.QuerySenderListener{queries=[{q=static firstSearcher warming in solrconfig.xml}]}]
4101 INFO  (coreLoadExecutor-6-thread-1) [   x:jate] o.a.s.c.CachingDirectoryFactory return new directory for D:\Work\jate_github\jate\solr-5.3.0\server\solr\jate\data
4102 INFO  (coreLoadExecutor-6-thread-1) [   x:jate] o.a.s.c.SolrCore New index directory detected: old=null new=D:\Work\jate_github\jate\solr-5.3.0\server\solr\jate\data\index/
4104 INFO  (coreLoadExecutor-6-thread-1) [   x:jate] o.a.s.c.CachingDirectoryFactory return new directory for D:\Work\jate_github\jate\solr-5.3.0\server\solr\jate\data\index
4117 INFO  (OldIndexDirectoryCleanupThreadForCore-jate) [   x:jate] o.a.s.c.SolrCore Looking for old index directories to cleanup for core jate in D:\Work\jate_github\jate\solr-5.3.0\server\solr\jate\data\
4121 INFO  (coreLoadExecutor-6-thread-1) [   x:jate] o.a.s.c.PluginBag queryResponseWriter : 'velocity' created with startup=lazy 
4125 INFO  (coreLoadExecutor-6-thread-1) [   x:jate] o.a.s.r.XSLTResponseWriter xsltCacheLifetimeSeconds=5
4230 INFO  (coreLoadExecutor-6-thread-1) [   x:jate] o.a.s.u.p.UpdateRequestProcessorChain creating updateRequestProcessorChain "langid"
4244 INFO  (coreLoadExecutor-6-thread-1) [   x:jate] o.a.s.u.p.UpdateRequestProcessorChain inserting DistributedUpdateProcessorFactory into updateRequestProcessorChain "langid"
4245 INFO  (coreLoadExecutor-6-thread-1) [   x:jate] o.a.s.c.SolrCore no updateRequestProcessorChain defined as default, creating implicit default
4284 INFO  (coreLoadExecutor-6-thread-1) [   x:jate] o.a.s.h.l.XMLLoader xsltCacheLifetimeSeconds=60
4303 INFO  (coreLoadExecutor-6-thread-1) [   x:jate] o.a.s.h.l.XMLLoader xsltCacheLifetimeSeconds=60
4304 INFO  (coreLoadExecutor-6-thread-1) [   x:jate] o.a.s.h.l.XMLLoader xsltCacheLifetimeSeconds=60
4305 INFO  (coreLoadExecutor-6-thread-1) [   x:jate] o.a.s.h.l.XMLLoader xsltCacheLifetimeSeconds=60
4331 INFO  (coreLoadExecutor-6-thread-1) [   x:jate] o.a.s.c.PluginBag requestHandler : '/update/extract' created with startup=lazy 
4332 INFO  (coreLoadExecutor-6-thread-1) [   x:jate] o.a.s.c.PluginBag requestHandler : '/analysis/field' created with startup=lazy 
4332 INFO  (coreLoadExecutor-6-thread-1) [   x:jate] o.a.s.c.PluginBag requestHandler : '/analysis/document' created with startup=lazy 
4335 WARN  (coreLoadExecutor-6-thread-1) [   x:jate] o.a.s.c.SolrResourceLoader Solr loaded a deprecated plugin/analysis class [solr.admin.AdminHandlers]. Please consult documentation how to replace it accordingly.
4338 INFO  (coreLoadExecutor-6-thread-1) [   x:jate] o.a.s.c.PluginBag requestHandler : '/spell' created with startup=lazy 
4338 INFO  (coreLoadExecutor-6-thread-1) [   x:jate] o.a.s.c.PluginBag requestHandler : '/tvrh' created with startup=lazy 
4339 INFO  (coreLoadExecutor-6-thread-1) [   x:jate] o.a.s.c.PluginBag requestHandler : '/terms' created with startup=lazy 
4339 INFO  (coreLoadExecutor-6-thread-1) [   x:jate] o.a.s.c.PluginBag requestHandler : '/elevate' created with startup=lazy 
4339 INFO  (coreLoadExecutor-6-thread-1) [   x:jate] o.a.s.c.RequestHandlers Registered paths: /admin/mbeans,/browse,/update/json/docs,/admin/luke,/export,/get,/admin/properties,/elevate,/update/json,/admin/threads,/query,/analysis/field,/analysis/document,/spell,/update/csv,/tvrh,/select,/admin/segments,/admin/system,/replication,/config,/schema,/admin/plugins,/admin/logging,/admin,/admin/ping,/update,/admin/file,/debug/dump,/terms,/update/extract
4341 INFO  (coreLoadExecutor-6-thread-1) [   x:jate] o.a.s.c.SolrCore Using default statsCache cache: org.apache.solr.search.stats.LocalStatsCache
4352 INFO  (coreLoadExecutor-6-thread-1) [   x:jate] o.a.s.u.UpdateHandler Using UpdateLog implementation: org.apache.solr.update.UpdateLog
4352 INFO  (coreLoadExecutor-6-thread-1) [   x:jate] o.a.s.u.UpdateLog Initializing UpdateLog: dataDir= defaultSyncLevel=FLUSH numRecordsToKeep=100 maxNumLogsToKeep=10 numVersionBuckets=65536
4371 INFO  (coreLoadExecutor-6-thread-1) [   x:jate] o.a.s.c.SolrCore Hard AutoCommit: if uncommited for 15000ms; 
4372 INFO  (coreLoadExecutor-6-thread-1) [   x:jate] o.a.s.c.SolrCore Soft AutoCommit: disabled
4462 INFO  (coreLoadExecutor-6-thread-1) [   x:jate] o.a.s.c.SolrCore SolrDeletionPolicy.onInit: commits: num=1
	commit{dir=NRTCachingDirectory(MMapDirectory@D:\Work\jate_github\jate\solr-5.3.0\server\solr\jate\data\index lockFactory=org.apache.lucene.store.NativeFSLockFactory@43260ab3; maxCacheMB=48.0 maxMergeSizeMB=4.0),segFN=segments_3,generation=3}
4463 INFO  (coreLoadExecutor-6-thread-1) [   x:jate] o.a.s.c.SolrCore newest commit generation = 3
4525 INFO  (coreLoadExecutor-6-thread-1) [   x:jate] o.a.s.s.SolrIndexSearcher Opening Searcher@5d59df7c[jate] main
4551 INFO  (coreLoadExecutor-6-thread-1) [   x:jate] o.a.s.r.ManagedResourceStorage File-based storage initialized to use dir: D:\Work\jate_github\jate\solr-5.3.0\server\solr\jate\conf
4551 INFO  (coreLoadExecutor-6-thread-1) [   x:jate] o.a.s.r.RestManager Initializing RestManager with initArgs: {storageDir=D:\Work\jate_github\jate\solr-5.3.0\server\solr\jate\conf}
4569 INFO  (coreLoadExecutor-6-thread-1) [   x:jate] o.a.s.r.ManagedResourceStorage Reading _rest_managed.json using file:dir=D:\Work\jate_github\jate\solr-5.3.0\server\solr\jate\conf
4570 INFO  (coreLoadExecutor-6-thread-1) [   x:jate] o.a.s.r.RestManager Initializing 0 registered ManagedResources
4587 INFO  (coreLoadExecutor-6-thread-1) [   x:jate] o.a.s.h.c.SpellCheckComponent Initializing spell checkers
4597 INFO  (coreLoadExecutor-6-thread-1) [   x:jate] o.a.s.s.DirectSolrSpellChecker init: {name=default,field=text,classname=solr.DirectSolrSpellChecker,distanceMeasure=internal,accuracy=0.5,maxEdits=2,minPrefix=1,maxInspections=5,minQueryLength=4,maxQueryFrequency=0.01}
4604 INFO  (coreLoadExecutor-6-thread-1) [   x:jate] o.a.s.h.c.SpellCheckComponent No queryConverter defined, using default converter
4606 INFO  (coreLoadExecutor-6-thread-1) [   x:jate] o.a.s.h.c.QueryElevationComponent Loading QueryElevation from: D:\Work\jate_github\jate\solr-5.3.0\server\solr\jate\conf\elevate.xml
4620 INFO  (coreLoadExecutor-6-thread-1) [   x:jate] o.a.s.h.ReplicationHandler Commits will be reserved for  10000
4621 WARN  (coreLoadExecutor-6-thread-1) [   x:jate] o.a.s.h.a.AdminHandlers <requestHandler name="/admin/" 
 class="solr.admin.AdminHandlers" /> is deprecated . It is not required anymore
4622 INFO  (coreLoadExecutor-6-thread-1) [   x:jate] o.a.s.u.UpdateLog Looking up max value of version field to seed version buckets
4623 INFO  (coreLoadExecutor-6-thread-1) [   x:jate] o.a.s.u.VersionInfo Refreshing highest value of _version_ for 65536 version buckets from index
4623 INFO  (searcherExecutor-7-thread-1-processing-x:jate) [   x:jate] o.a.s.c.SolrCore QuerySenderListener sending requests to Searcher@5d59df7c[jate] main{ExitableDirectoryReader(UninvertingDirectoryReader(Uninverting(_0(5.3.0):C10) Uninverting(_1(5.3.0):C9) Uninverting(_2(5.3.0):C1)))}
4647 INFO  (coreLoadExecutor-6-thread-1) [   x:jate] o.a.s.u.VersionInfo Found MAX value 1513099226219806720 from Terms for _version_ in index
4651 INFO  (coreLoadExecutor-6-thread-1) [   x:jate] o.a.s.u.UpdateLog Took 28 ms to seed version buckets with highest version 1513099226219806720
4652 INFO  (coreLoadExecutor-6-thread-1) [   x:jate] o.a.s.c.CoreContainer registering core: jate
4787 INFO  (searcherExecutor-7-thread-1-processing-x:jate) [   x:jate] o.a.s.c.S.Request [jate] webapp=null path=null params={q=static+firstSearcher+warming+in+solrconfig.xml&distrib=false&event=firstSearcher} hits=20 status=0 QTime=155 
4835 INFO  (searcherExecutor-7-thread-1-processing-x:jate) [   x:jate] o.a.s.c.SolrCore QuerySenderListener done.
4835 INFO  (searcherExecutor-7-thread-1-processing-x:jate) [   x:jate] o.a.s.h.c.SpellCheckComponent Loading spell index for spellchecker: default
4835 INFO  (searcherExecutor-7-thread-1-processing-x:jate) [   x:jate] o.a.s.h.c.SpellCheckComponent Loading spell index for spellchecker: wordbreak
4835 INFO  (searcherExecutor-7-thread-1-processing-x:jate) [   x:jate] o.a.s.c.SolrCore [jate] Registered new searcher Searcher@5d59df7c[jate] main{ExitableDirectoryReader(UninvertingDirectoryReader(Uninverting(_0(5.3.0):C10) Uninverting(_1(5.3.0):C9) Uninverting(_2(5.3.0):C1)))}
7758 INFO  (qtp1450821318-16) [   ] o.a.s.s.SolrDispatchFilter [admin] webapp=null path=/admin/info/system params={wt=json} status=0 QTime=21 
27185 INFO  (qtp1450821318-16) [   x:jate] o.a.s.c.S.Request [jate] webapp=/solr path=/select params={q=*:*} hits=20 status=0 QTime=15 
115887 INFO  (ShutdownMonitor) [   ] o.e.j.s.ServerConnector Stopped ServerConnector@6892b3b6{HTTP/1.1}{0.0.0.0:8983}
115887 INFO  (ShutdownMonitor) [   ] o.a.s.c.CoreContainer Shutting down CoreContainer instance=543846639
115887 INFO  (ShutdownMonitor) [   x:jate] o.a.s.c.SolrCore [jate]  CLOSING SolrCore org.apache.solr.core.SolrCore@322e471a
115888 INFO  (ShutdownMonitor) [   x:jate] o.a.s.u.UpdateHandler closing DirectUpdateHandler2{commits=0,autocommit maxTime=15000ms,autocommits=0,soft autocommits=0,optimizes=0,rollbacks=0,expungeDeletes=0,docsPending=0,adds=0,deletesById=0,deletesByQuery=0,errors=0,cumulative_adds=0,cumulative_deletesById=0,cumulative_deletesByQuery=0,cumulative_errors=0,transaction_logs_total_size=2653416,transaction_logs_total_number=2}
115889 INFO  (ShutdownMonitor) [   x:jate] o.a.s.u.SolrCoreState Closing SolrCoreState
115889 INFO  (ShutdownMonitor) [   x:jate] o.a.s.u.DefaultSolrCoreState SolrCoreState ref count has reached 0 - closing IndexWriter
115889 INFO  (ShutdownMonitor) [   x:jate] o.a.s.u.DefaultSolrCoreState closing IndexWriter with IndexWriterCloser
115893 INFO  (ShutdownMonitor) [   x:jate] o.a.s.c.SolrCore [jate] Closing main searcher on request.
115896 INFO  (ShutdownMonitor) [   x:jate] o.a.s.c.CachingDirectoryFactory Closing NRTCachingDirectoryFactory - 2 directories currently being tracked
115897 INFO  (ShutdownMonitor) [   x:jate] o.a.s.c.CachingDirectoryFactory looking to close D:\Work\jate_github\jate\solr-5.3.0\server\solr\jate\data [CachedDir<<refCount=0;path=D:\Work\jate_github\jate\solr-5.3.0\server\solr\jate\data;done=false>>]
115897 INFO  (ShutdownMonitor) [   x:jate] o.a.s.c.CachingDirectoryFactory Closing directory: D:\Work\jate_github\jate\solr-5.3.0\server\solr\jate\data
115897 INFO  (ShutdownMonitor) [   x:jate] o.a.s.c.CachingDirectoryFactory looking to close D:\Work\jate_github\jate\solr-5.3.0\server\solr\jate\data\index [CachedDir<<refCount=0;path=D:\Work\jate_github\jate\solr-5.3.0\server\solr\jate\data\index;done=false>>]
115897 INFO  (ShutdownMonitor) [   x:jate] o.a.s.c.CachingDirectoryFactory Closing directory: D:\Work\jate_github\jate\solr-5.3.0\server\solr\jate\data\index
115899 INFO  (ShutdownMonitor) [   x:jate] o.e.j.s.h.ContextHandler Stopped o.e.j.w.WebAppContext@e25b2fe{/solr,file:/D:/Work/jate_github/jate/solr-5.3.0/server/solr-webapp/webapp/,UNAVAILABLE}{D:\Work\jate_github\jate\solr-5.3.0\server/solr-webapp/webapp}
